<?xml version="1.0" encoding="UTF-8"?>
<!-- Generated by org.testng.reporters.JUnitXMLReporter -->
<testsuite hostname="NFTW6MWPIT3138" ignored="0" name="Test-Activity" tests="6" failures="0" timestamp="2020-09-15T15:57:43 EDT" time="30.441" errors="0">
  <testcase name="signIn" time="2.463" classname="test_activity.Act_quickLogAct"/>
  <testcase name="Verify_log_quickLog" time="2.524" classname="test_activity.Act_quickLogAct"/>
  <testcase name="Verify_unLog_quickLog" time="0.316" classname="test_activity.Act_quickLogAct"/>
  <testcase name="LogActivityViaPlusSign" time="4.871" classname="test_activity.Act_logViaPlusSign"/>
  <testcase name="updateLoggedActivity" time="2.486" classname="test_activity.Act_logViaPlusSign"/>
  <testcase name="unLogActivity" time="1.668" classname="test_activity.Act_logViaPlusSign"/>
</testsuite> <!-- Test-Activity -->
