<?xml version="1.0" encoding="UTF-8"?>
<!-- Generated by org.testng.reporters.JUnitReportReporter -->
<testsuite skipped="0" hostname="NFTW6MWPMG3207" name="test_journal.J_appTutorial" tests="2" failures="0" timestamp="2020-05-12T16:49:34 EDT" time="3.056" errors="0">
  <testcase name="signIn" time="2.654" classname="test_journal.J_appTutorial"/>
  <testcase name="clickonHelp" time="0.402" classname="test_journal.J_appTutorial"/>
</testsuite> <!-- test_journal.J_appTutorial -->
