<?xml version="1.0" encoding="UTF-8"?>
<!-- Generated by org.testng.reporters.JUnitReportReporter -->
<testsuite skipped="0" hostname="NFTW6MWPIT3138" name="test_activity.Act_quickLogAct" tests="3" failures="0" timestamp="2020-09-15T15:57:44 EDT" time="5.303" errors="0">
  <testcase name="signIn" time="2.463" classname="test_activity.Act_quickLogAct"/>
  <testcase name="Verify_log_quickLog" time="2.524" classname="test_activity.Act_quickLogAct"/>
  <testcase name="Verify_unLog_quickLog" time="0.316" classname="test_activity.Act_quickLogAct"/>
</testsuite> <!-- test_activity.Act_quickLogAct -->
