<?xml version="1.0" encoding="UTF-8"?>
<!-- Generated by org.testng.reporters.JUnitReportReporter -->
<testsuite skipped="0" hostname="NFTW6MWPMG3207" name="PT2_mealPlanConfigTest.PT2_Men_Morethan100lbs_noBloodSugar" tests="2" failures="0" timestamp="2020-05-12T15:05:13 EDT" time="3.423" errors="0">
  <testcase name="loginPage" time="2.363" classname="PT2_mealPlanConfigTest.PT2_Men_Morethan100lbs_noBloodSugar"/>
  <testcase name="verifyConfig_PT2_Men_Morethan100lbs_noBloodSugar" time="1.060" classname="PT2_mealPlanConfigTest.PT2_Men_Morethan100lbs_noBloodSugar"/>
</testsuite> <!-- PT2_mealPlanConfigTest.PT2_Men_Morethan100lbs_noBloodSugar -->
