<?xml version="1.0" encoding="UTF-8"?>
<!-- Generated by org.testng.reporters.JUnitReportReporter -->
<testsuite skipped="0" hostname="NFTW6MWPIT3138" name="test_onboarding.Onb_basicPlan" tests="12" failures="0" timestamp="2020-09-15T15:57:44 EDT" time="18.533" errors="0">
  <testcase name="onb_getUrl" time="2.614" classname="test_onboarding.Onb_basicPlan"/>
  <testcase name="onb_verify_signInTitle" time="0.018" classname="test_onboarding.Onb_basicPlan"/>
  <testcase name="onb_newUser_signUpforNumiClick" time="0.911" classname="test_onboarding.Onb_basicPlan"/>
  <testcase name="onb_newUser_setUpAcctPage" time="1.096" classname="test_onboarding.Onb_basicPlan"/>
  <testcase name="onb_newUser_acctDetailsPage" time="1.769" classname="test_onboarding.Onb_basicPlan"/>
  <testcase name="onb_newUser_tellUsprofilePage" time="5.240" classname="test_onboarding.Onb_basicPlan"/>
  <testcase name="onb_newUser_chooseNSPlanPage" time="1.783" classname="test_onboarding.Onb_basicPlan"/>
  <testcase name="onb_newUser_chooseNsPlanListPage" time="0.292" classname="test_onboarding.Onb_basicPlan"/>
  <testcase name="onb_newUser_firstWeekStagePage" time="1.813" classname="test_onboarding.Onb_basicPlan"/>
  <testcase name="onb_newUser_stayOnTrackEMailNotifyPage" time="1.382" classname="test_onboarding.Onb_basicPlan"/>
  <testcase name="onb_newUser_connectDevicePage" time="1.275" classname="test_onboarding.Onb_basicPlan"/>
  <testcase name="onb_newUser_onboardingComplete" time="0.340" classname="test_onboarding.Onb_basicPlan"/>
</testsuite> <!-- test_onboarding.Onb_basicPlan -->
