<?xml version="1.0" encoding="UTF-8"?>
<!-- Generated by org.testng.reporters.JUnitReportReporter -->
<testsuite skipped="0" hostname="NFTW6MWPMG3207" name="test_onboarding.onboarding_basicPlan" tests="12" failures="0" timestamp="2020-05-12T13:08:05 EDT" time="14.750" errors="0">
  <testcase name="onb_getUrl" time="2.031" classname="test_onboarding.onboarding_basicPlan"/>
  <testcase name="onb_verify_signInTitle" time="0.016" classname="test_onboarding.onboarding_basicPlan"/>
  <testcase name="onb_newUser_signUpforNumiClick" time="0.846" classname="test_onboarding.onboarding_basicPlan"/>
  <testcase name="onb_newUser_setUpAcctPage" time="0.923" classname="test_onboarding.onboarding_basicPlan"/>
  <testcase name="onb_newUser_acctDetailsPage" time="1.117" classname="test_onboarding.onboarding_basicPlan"/>
  <testcase name="onb_newUser_tellUsprofilePage" time="4.251" classname="test_onboarding.onboarding_basicPlan"/>
  <testcase name="onb_newUser_chooseNSPlanPage" time="1.293" classname="test_onboarding.onboarding_basicPlan"/>
  <testcase name="onb_newUser_chooseNsPlanListPage" time="0.235" classname="test_onboarding.onboarding_basicPlan"/>
  <testcase name="onb_newUser_firstWeekStagePage" time="1.379" classname="test_onboarding.onboarding_basicPlan"/>
  <testcase name="onb_newUser_stayOnTrackEMailNotifyPage" time="1.380" classname="test_onboarding.onboarding_basicPlan"/>
  <testcase name="onb_newUser_connectDevicePage" time="1.129" classname="test_onboarding.onboarding_basicPlan"/>
  <testcase name="onb_newUser_onboardingComplete" time="0.150" classname="test_onboarding.onboarding_basicPlan"/>
</testsuite> <!-- test_onboarding.onboarding_basicPlan -->
