<?xml version="1.0" encoding="UTF-8"?>
<!-- Generated by org.testng.reporters.JUnitReportReporter -->
<testsuite skipped="0" hostname="NFTW6MWPIT3138" name="test_onboarding.Onb_using_NSacct" tests="1" failures="0" timestamp="2020-09-15T15:57:44 EDT" time="11.117" errors="0">
  <testcase name="useYrNsAccount" time="11.117" classname="test_onboarding.Onb_using_NSacct"/>
</testsuite> <!-- test_onboarding.Onb_using_NSacct -->
