<?xml version="1.0" encoding="UTF-8"?>
<!-- Generated by org.testng.reporters.JUnitReportReporter -->
<testsuite skipped="0" hostname="NFTW6MWPMG3207" name="TestFiles.onboarding_newUser_basicPlan" tests="12" failures="0" timestamp="2020-03-26T08:31:58 EDT" time="14.980" errors="0">
  <testcase name="onb_getUrl" time="2.591" classname="TestFiles.onboarding_newUser_basicPlan"/>
  <testcase name="onb_verify_signInTitle" time="0.018" classname="TestFiles.onboarding_newUser_basicPlan"/>
  <testcase name="onb_newUser_signUpforNumiClick" time="1.134" classname="TestFiles.onboarding_newUser_basicPlan"/>
  <testcase name="onb_newUser_setUpAcctPage" time="0.858" classname="TestFiles.onboarding_newUser_basicPlan"/>
  <testcase name="onb_newUser_acctDetailsPage" time="1.574" classname="TestFiles.onboarding_newUser_basicPlan"/>
  <testcase name="onb_newUser_tellUsprofilePage" time="3.284" classname="TestFiles.onboarding_newUser_basicPlan"/>
  <testcase name="onb_newUser_chooseNSPlanPage" time="0.878" classname="TestFiles.onboarding_newUser_basicPlan"/>
  <testcase name="onb_newUser_chooseNsPlanListPage" time="0.229" classname="TestFiles.onboarding_newUser_basicPlan"/>
  <testcase name="onb_newUser_firstWeekStagePage" time="1.106" classname="TestFiles.onboarding_newUser_basicPlan"/>
  <testcase name="onb_newUser_stayOnTrackEMailNotifyPage" time="1.821" classname="TestFiles.onboarding_newUser_basicPlan"/>
  <testcase name="onb_newUser_connectDevicePage" time="1.166" classname="TestFiles.onboarding_newUser_basicPlan"/>
  <testcase name="onb_newUser_onboardingComplete" time="0.321" classname="TestFiles.onboarding_newUser_basicPlan"/>
</testsuite> <!-- TestFiles.onboarding_newUser_basicPlan -->
