<?xml version="1.0" encoding="UTF-8"?>
<!-- Generated by org.testng.reporters.JUnitReportReporter -->
<testsuite skipped="0" hostname="NFTW6MWPMG3207" name="Regression.regression_onboarding_uniqlyYours" tests="12" failures="0" timestamp="2020-05-11T12:51:05 EDT" time="14.318" errors="0">
  <testcase name="onb_getUrl" time="2.160" classname="Regression.regression_onboarding_uniqlyYours"/>
  <testcase name="onb_verify_signInTitle" time="0.020" classname="Regression.regression_onboarding_uniqlyYours"/>
  <testcase name="onb_newUser_signUpforNumiClick" time="0.754" classname="Regression.regression_onboarding_uniqlyYours"/>
  <testcase name="onb_newUser_setUpAcctPage" time="1.349" classname="Regression.regression_onboarding_uniqlyYours"/>
  <testcase name="onb_newUser_acctDetailsPage" time="1.072" classname="Regression.regression_onboarding_uniqlyYours"/>
  <testcase name="onb_newUser_tellUsprofilePage" time="3.398" classname="Regression.regression_onboarding_uniqlyYours"/>
  <testcase name="onb_newUser_chooseNSPlanPage" time="1.112" classname="Regression.regression_onboarding_uniqlyYours"/>
  <testcase name="onb_newUser_chooseNsPlanListPage" time="0.269" classname="Regression.regression_onboarding_uniqlyYours"/>
  <testcase name="onb_newUser_firstWeekStagePage" time="1.440" classname="Regression.regression_onboarding_uniqlyYours"/>
  <testcase name="onb_newUser_stayOnTrackEMailNotifyPage" time="1.295" classname="Regression.regression_onboarding_uniqlyYours"/>
  <testcase name="onb_newUser_connectDevicePage" time="1.256" classname="Regression.regression_onboarding_uniqlyYours"/>
  <testcase name="onb_newUser_onboardingComplete" time="0.193" classname="Regression.regression_onboarding_uniqlyYours"/>
</testsuite> <!-- Regression.regression_onboarding_uniqlyYours -->
