<?xml version="1.0" encoding="UTF-8"?>
<!-- Generated by org.testng.reporters.JUnitReportReporter -->
<testsuite skipped="0" hostname="NFTW6MWPMG3207" name="test.onboarding.onboarding_basicDiab_backdated" tests="1" failures="0" timestamp="2020-05-12T11:53:58 EDT" time="18.013" errors="0">
  <testcase name="lessThanHundredWtLoss_DBplan_backdated" time="18.013" classname="test.onboarding.onboarding_basicDiab_backdated"/>
</testsuite> <!-- test.onboarding.onboarding_basicDiab_backdated -->
