<?xml version="1.0" encoding="UTF-8"?>
<!-- Generated by org.testng.reporters.JUnitReportReporter -->
<testsuite skipped="0" hostname="NFTW6MWPIT3138" name="test_onboarding.Onb_verfiyErrMsg_setUpAcctDetailPg" tests="1" failures="0" timestamp="2020-05-20T14:24:13 EDT" time="0.014" errors="0">
  <testcase name="verfiyErrorMsg_setUpAcctDetailsPage" time="0.014" classname="test_onboarding.Onb_verfiyErrMsg_setUpAcctDetailPg"/>
</testsuite> <!-- test_onboarding.Onb_verfiyErrMsg_setUpAcctDetailPg -->
