<?xml version="1.0" encoding="UTF-8"?>
<!-- Generated by org.testng.reporters.JUnitReportReporter -->
<testsuite skipped="0" hostname="NFTW6MWPIT3138" name="test_onboarding.Onb_bodyBp_balancedPlan" tests="9" failures="0" timestamp="2020-09-15T15:57:44 EDT" time="13.997" errors="0">
  <testcase name="onb_newUser_signUpforNumiClick" time="0.921" classname="test_onboarding.Onb_bodyBp_balancedPlan"/>
  <testcase name="onb_newUser_setUpAcctPage" time="1.009" classname="test_onboarding.Onb_bodyBp_balancedPlan"/>
  <testcase name="onb_newUser_acctDetailsPage" time="1.231" classname="test_onboarding.Onb_bodyBp_balancedPlan"/>
  <testcase name="onb_newUser_tellUsprofilePage" time="4.183" classname="test_onboarding.Onb_bodyBp_balancedPlan"/>
  <testcase name="onb_newUser_chooseNSPlanPage" time="1.375" classname="test_onboarding.Onb_bodyBp_balancedPlan"/>
  <testcase name="onb_newUser_chooseNsPlanListPage" time="0.310" classname="test_onboarding.Onb_bodyBp_balancedPlan"/>
  <testcase name="onb_newUser_stayOnTrackEMailNotifyPage" time="3.297" classname="test_onboarding.Onb_bodyBp_balancedPlan"/>
  <testcase name="onb_newUser_connectDevicePage" time="1.438" classname="test_onboarding.Onb_bodyBp_balancedPlan"/>
  <testcase name="onb_newUser_onboardingComplete" time="0.233" classname="test_onboarding.Onb_bodyBp_balancedPlan"/>
</testsuite> <!-- test_onboarding.Onb_bodyBp_balancedPlan -->
