<?xml version="1.0" encoding="UTF-8"?>
<!-- Generated by org.testng.reporters.JUnitReportReporter -->
<testsuite skipped="0" hostname="NFTW6MWPIT3138" name="test_mealConfig.PT2_Men_Morethan100lbs_noBloodSugar" tests="4" failures="0" timestamp="2020-06-05T14:03:17 EDT" time="2.969" errors="0">
  <testcase name="loginPage" time="1.961" classname="test_mealConfig.PT2_Men_Morethan100lbs_noBloodSugar"/>
  <testcase name="PT2_Men_breakfast" time="0.692" classname="test_mealConfig.PT2_Men_Morethan100lbs_noBloodSugar"/>
  <testcase name="PT2_Men_amSnack" time="0.210" classname="test_mealConfig.PT2_Men_Morethan100lbs_noBloodSugar"/>
  <testcase name="PT2_Men_Lunch" time="0.106" classname="test_mealConfig.PT2_Men_Morethan100lbs_noBloodSugar"/>
</testsuite> <!-- test_mealConfig.PT2_Men_Morethan100lbs_noBloodSugar -->
