<?xml version="1.0" encoding="UTF-8"?>
<!-- Generated by org.testng.reporters.JUnitReportReporter -->
<testsuite skipped="0" hostname="NFTW6MWPMG3207" name="TestFiles.NewTest" tests="3" failures="0" timestamp="2020-05-11T15:33:21 EDT" time="0.009" errors="0">
  <testcase name="f3" time="0.002" classname="TestFiles.NewTest"/>
  <testcase name="f1" time="0.004" classname="TestFiles.NewTest"/>
  <testcase name="f2" time="0.003" classname="TestFiles.NewTest"/>
</testsuite> <!-- TestFiles.NewTest -->
