<?xml version="1.0" encoding="UTF-8"?>
<!-- Generated by org.testng.reporters.JUnitReportReporter -->
<testsuite skipped="0" hostname="NFTW6MWPIT3138" name="test_onboarding.Onb_coreDB_futureDated" tests="1" failures="0" timestamp="2020-09-15T15:57:44 EDT" time="22.351" errors="0">
  <testcase name="lessThanHundredWtLoss_coreDBplan_futureDated" time="22.351" classname="test_onboarding.Onb_coreDB_futureDated"/>
</testsuite> <!-- test_onboarding.Onb_coreDB_futureDated -->
