<?xml version="1.0" encoding="UTF-8"?>
<!-- Generated by org.testng.reporters.JUnitReportReporter -->
<testsuite skipped="0" hostname="NFTW6MWPMG3207" name="ExistingUser.existgUser_signInPageTest" tests="3" failures="0" timestamp="2020-05-11T11:56:11 EDT" time="4.222" errors="0">
  <testcase name="getUrl" time="1.951" classname="ExistingUser.existgUser_signInPageTest"/>
  <testcase name="signInTitleTest" time="0.028" classname="ExistingUser.existgUser_signInPageTest"/>
  <testcase name="existinguserSignIn" time="2.243" classname="ExistingUser.existgUser_signInPageTest"/>
</testsuite> <!-- ExistingUser.existgUser_signInPageTest -->
