<?xml version="1.0" encoding="UTF-8"?>
<!-- Generated by org.testng.reporters.JUnitReportReporter -->
<testsuite skipped="0" hostname="NFTW6MWPMG3207" name="test.onboarding.onboarding_uniqlyYours" tests="12" failures="0" timestamp="2020-05-12T11:53:11 EDT" time="15.344" errors="0">
  <testcase name="onb_getUrl" time="1.944" classname="test.onboarding.onboarding_uniqlyYours"/>
  <testcase name="onb_verify_signInTitle" time="0.015" classname="test.onboarding.onboarding_uniqlyYours"/>
  <testcase name="onb_newUser_signUpforNumiClick" time="0.746" classname="test.onboarding.onboarding_uniqlyYours"/>
  <testcase name="onb_newUser_setUpAcctPage" time="0.886" classname="test.onboarding.onboarding_uniqlyYours"/>
  <testcase name="onb_newUser_acctDetailsPage" time="1.065" classname="test.onboarding.onboarding_uniqlyYours"/>
  <testcase name="onb_newUser_tellUsprofilePage" time="5.202" classname="test.onboarding.onboarding_uniqlyYours"/>
  <testcase name="onb_newUser_chooseNSPlanPage" time="0.867" classname="test.onboarding.onboarding_uniqlyYours"/>
  <testcase name="onb_newUser_chooseNsPlanListPage" time="0.265" classname="test.onboarding.onboarding_uniqlyYours"/>
  <testcase name="onb_newUser_firstWeekStagePage" time="1.413" classname="test.onboarding.onboarding_uniqlyYours"/>
  <testcase name="onb_newUser_stayOnTrackEMailNotifyPage" time="1.662" classname="test.onboarding.onboarding_uniqlyYours"/>
  <testcase name="onb_newUser_connectDevicePage" time="1.127" classname="test.onboarding.onboarding_uniqlyYours"/>
  <testcase name="onb_newUser_onboardingComplete" time="0.152" classname="test.onboarding.onboarding_uniqlyYours"/>
</testsuite> <!-- test.onboarding.onboarding_uniqlyYours -->
