<?xml version="1.0" encoding="UTF-8"?>
<!-- Generated by org.testng.reporters.JUnitReportReporter -->
<testsuite skipped="0" hostname="NFTW6MWPMG3207" name="SignInPage" tests="1" failures="0" timestamp="2020-03-03T09:37:40 EST" time="0.003" errors="0">
  <testcase name="signIn" time="0.003" classname="SignInPage"/>
  <system-out/>
</testsuite> <!-- SignInPage -->
