<?xml version="1.0" encoding="UTF-8"?>
<!-- Generated by org.testng.reporters.JUnitReportReporter -->
<testsuite skipped="0" hostname="NFTW6MWPIT3138" name="test_onboarding.Onb_uniqlyYours" tests="12" failures="0" timestamp="2020-09-15T15:57:44 EDT" time="16.656" errors="0">
  <testcase name="onb_getUrl" time="2.097" classname="test_onboarding.Onb_uniqlyYours"/>
  <testcase name="onb_verify_signInTitle" time="0.021" classname="test_onboarding.Onb_uniqlyYours"/>
  <testcase name="onb_newUser_signUpforNumiClick" time="0.771" classname="test_onboarding.Onb_uniqlyYours"/>
  <testcase name="onb_newUser_setUpAcctPage" time="1.144" classname="test_onboarding.Onb_uniqlyYours"/>
  <testcase name="onb_newUser_acctDetailsPage" time="1.681" classname="test_onboarding.Onb_uniqlyYours"/>
  <testcase name="onb_newUser_tellUsprofilePage" time="4.528" classname="test_onboarding.Onb_uniqlyYours"/>
  <testcase name="onb_newUser_chooseNSPlanPage" time="1.517" classname="test_onboarding.Onb_uniqlyYours"/>
  <testcase name="onb_newUser_chooseNsPlanListPage" time="0.264" classname="test_onboarding.Onb_uniqlyYours"/>
  <testcase name="onb_newUser_firstWeekStagePage" time="1.605" classname="test_onboarding.Onb_uniqlyYours"/>
  <testcase name="onb_newUser_stayOnTrackEMailNotifyPage" time="1.585" classname="test_onboarding.Onb_uniqlyYours"/>
  <testcase name="onb_newUser_connectDevicePage" time="1.169" classname="test_onboarding.Onb_uniqlyYours"/>
  <testcase name="onb_newUser_onboardingComplete" time="0.274" classname="test_onboarding.Onb_uniqlyYours"/>
</testsuite> <!-- test_onboarding.Onb_uniqlyYours -->
