<?xml version="1.0" encoding="UTF-8"?>
<!-- Generated by org.testng.reporters.JUnitReportReporter -->
<testsuite skipped="0" hostname="NFTW6MWPMG3207" name="TestFiles.newUserSignupTest1" tests="7" failures="0" timestamp="2020-03-22T19:11:49 EDT" time="13.469" errors="0">
  <testcase name="getUrl" time="3.009" classname="TestFiles.newUserSignupTest1"/>
  <testcase name="signInTitleTest" time="0.013" classname="TestFiles.newUserSignupTest1"/>
  <testcase name="newUser_signUpforNumiTest" time="0.993" classname="TestFiles.newUserSignupTest1"/>
  <testcase name="newUser_setUpAcctTest" time="2.297" classname="TestFiles.newUserSignupTest1"/>
  <testcase name="newUser_tellUsprofilePgTest" time="2.910" classname="TestFiles.newUserSignupTest1"/>
  <testcase name="newUser_choosePlanTest" time="3.988" classname="TestFiles.newUserSignupTest1"/>
  <testcase name="newUser_onboardingComplete" time="0.259" classname="TestFiles.newUserSignupTest1"/>
</testsuite> <!-- TestFiles.newUserSignupTest1 -->
