<?xml version="1.0" encoding="UTF-8"?>
<!-- Generated by org.testng.reporters.JUnitReportReporter -->
<testsuite skipped="0" hostname="NFTW6MWPMG3207" name="Regression.regression_Login" tests="1" failures="0" timestamp="2020-05-12T15:56:51 EDT" time="2.414" errors="0">
  <testcase name="login_existingUser" time="2.414" classname="Regression.regression_Login"/>
</testsuite> <!-- Regression.regression_Login -->
