<?xml version="1.0" encoding="UTF-8"?>
<!-- Generated by org.testng.reporters.JUnitReportReporter -->
<testsuite skipped="0" hostname="NFTW6MWPIT3138" name="test_activity.Act_logViaPlusSign" tests="3" failures="0" timestamp="2020-09-15T15:57:44 EDT" time="9.025" errors="0">
  <testcase name="LogActivityViaPlusSign" time="4.871" classname="test_activity.Act_logViaPlusSign"/>
  <testcase name="updateLoggedActivity" time="2.486" classname="test_activity.Act_logViaPlusSign"/>
  <testcase name="unLogActivity" time="1.668" classname="test_activity.Act_logViaPlusSign"/>
</testsuite> <!-- test_activity.Act_logViaPlusSign -->
